2022-03-10 23:16:16,704 INFO NumExpr defaulting to 4 threads.
2022-03-10 23:16:17,255 INFO required libraries imported
2022-03-10 23:16:17,269 INFO creating a dictionary to be later converte into dataframe
2022-03-10 23:16:18,043 INFO parent class created
2022-03-10 23:16:20,810 INFO initializing contructor
2022-03-10 23:16:21,116 INFO finding pattern in file 
2022-03-10 23:16:21,116 INFO writing the pattern into main dictionary
2022-03-10 23:16:21,116 INFO initializing contructor
2022-03-10 23:16:41,042 INFO initializing contructor
2022-03-10 23:16:41,412 INFO finding pattern in file 
2022-03-10 23:16:41,412 INFO writing the pattern into main dictionary
2022-03-10 23:17:28,903 INFO initializing contructor
2022-03-10 23:17:29,114 INFO writing the pattern into main dictionary
2022-03-10 23:21:44,437 INFO NumExpr defaulting to 4 threads.
2022-03-10 23:21:44,937 INFO required libraries imported
2022-03-10 23:21:44,959 INFO creating a dictionary to be later converte into dataframe
2022-03-10 23:21:45,106 INFO parent class created
2022-03-10 23:21:45,178 INFO initializing contructor
2022-03-10 23:21:45,522 INFO finding pattern in file 
2022-03-10 23:21:45,522 INFO writing the pattern into main dictionary
2022-03-10 23:21:45,522 INFO initializing contructor
2022-03-10 23:21:57,509 INFO initializing contructor
2022-03-10 23:21:57,888 INFO finding pattern in file 
2022-03-10 23:21:57,888 INFO writing the pattern into main dictionary
2022-03-10 23:21:57,888 INFO initializing contructor
2022-03-10 23:21:58,075 INFO finding pattern in file 
2022-03-10 23:21:58,075 INFO writing the pattern into main dictionary
2022-03-10 23:21:58,091 INFO initializing contructor
2022-03-10 23:21:58,262 INFO finding pattern in file 
2022-03-10 23:21:58,262 INFO writing the pattern into main dictionary
2022-03-10 23:21:58,262 INFO initializing contructor
2022-03-10 23:21:58,296 INFO finding pattern in file 
2022-03-10 23:21:58,296 INFO writing the pattern into main dictionary
2022-03-10 23:21:58,296 INFO initializing contructor
2022-03-10 23:21:59,024 INFO finding pattern in file 
2022-03-10 23:21:59,024 INFO writing the pattern into main dictionary
2022-03-10 23:21:59,024 INFO initializing contructor
2022-03-10 23:21:59,133 INFO finding pattern in file 
2022-03-10 23:21:59,133 INFO writing the pattern into main dictionary
2022-03-10 23:21:59,133 INFO initializing contructor
2022-03-10 23:21:59,196 INFO finding pattern in file 
2022-03-10 23:21:59,196 INFO writing the pattern into main dictionary
2022-03-10 23:21:59,196 INFO initializing contructor
2022-03-10 23:21:59,265 INFO finding pattern in file 
2022-03-10 23:21:59,266 INFO writing the pattern into main dictionary
2022-03-10 23:21:59,266 INFO initializing contructor
2022-03-10 23:21:59,997 INFO finding pattern in file 
2022-03-10 23:21:59,997 INFO writing the pattern into main dictionary
2022-03-10 23:21:59,997 INFO initializing contructor
2022-03-10 23:22:00,615 INFO finding pattern in file 
2022-03-10 23:22:00,615 INFO writing the pattern into main dictionary
2022-03-10 23:22:00,629 INFO initializing contructor
2022-03-10 23:22:00,685 INFO writing the pattern into main dictionary
2022-03-10 23:22:00,685 INFO initializing contructor
2022-03-10 23:22:00,873 INFO writing the pattern into main dictionary
2022-03-10 23:22:00,873 INFO initializing contructor
2022-03-10 23:22:00,885 INFO writing the pattern into main dictionary
2022-03-10 23:22:00,885 INFO initializing contructor
2022-03-10 23:22:00,948 INFO writing the pattern into main dictionary
2022-03-10 23:22:00,948 INFO initializing contructor
2022-03-10 23:22:01,042 INFO writing the pattern into main dictionary
2022-03-10 23:22:01,042 INFO initializing contructor
2022-03-10 23:22:01,104 INFO writing the pattern into main dictionary
2022-03-10 23:23:13,267 INFO NumExpr defaulting to 4 threads.
2022-03-10 23:23:13,767 INFO required libraries imported
2022-03-10 23:23:13,791 INFO creating a dictionary to be later converte into dataframe
2022-03-10 23:23:13,901 INFO parent class created
2022-03-10 23:23:14,002 INFO initializing contructor
2022-03-10 23:23:14,065 INFO writing the pattern into main dictionary
2022-03-10 23:23:14,065 INFO initializing contructor
2022-03-10 23:23:14,112 INFO writing the pattern into main dictionary
2022-03-10 23:23:14,112 INFO initializing contructor
2022-03-10 23:23:14,112 INFO writing the pattern into main dictionary
2022-03-10 23:23:14,127 INFO initializing contructor
2022-03-10 23:23:14,127 INFO writing the pattern into main dictionary
2022-03-10 23:23:14,127 INFO initializing contructor
2022-03-10 23:23:14,159 INFO writing the pattern into main dictionary
2022-03-10 23:23:14,159 INFO initializing contructor
2022-03-10 23:23:14,205 INFO writing the pattern into main dictionary
2022-03-10 23:23:14,232 INFO initializing contructor
2022-03-10 23:23:14,611 INFO finding pattern in file 
2022-03-10 23:23:14,611 INFO writing the pattern into main dictionary
2022-03-10 23:23:14,611 INFO initializing contructor
2022-03-10 23:23:14,611 INFO finding pattern in file 
2022-03-10 23:23:14,611 INFO writing the pattern into main dictionary
2022-03-10 23:23:14,611 INFO initializing contructor
2022-03-10 23:23:14,768 INFO finding pattern in file 
2022-03-10 23:23:14,768 INFO writing the pattern into main dictionary
2022-03-10 23:23:14,768 INFO initializing contructor
2022-03-10 23:23:14,768 INFO finding pattern in file 
2022-03-10 23:23:14,768 INFO writing the pattern into main dictionary
2022-03-10 23:23:14,768 INFO initializing contructor
2022-03-10 23:23:15,576 INFO finding pattern in file 
2022-03-10 23:23:15,576 INFO writing the pattern into main dictionary
2022-03-10 23:23:15,576 INFO initializing contructor
2022-03-10 23:23:15,639 INFO finding pattern in file 
2022-03-10 23:23:15,639 INFO writing the pattern into main dictionary
2022-03-10 23:23:15,639 INFO initializing contructor
2022-03-10 23:23:15,685 INFO finding pattern in file 
2022-03-10 23:23:15,685 INFO writing the pattern into main dictionary
2022-03-10 23:23:15,685 INFO initializing contructor
2022-03-10 23:23:15,717 INFO finding pattern in file 
2022-03-10 23:23:15,732 INFO writing the pattern into main dictionary
2022-03-10 23:23:15,732 INFO initializing contructor
2022-03-10 23:23:16,380 INFO finding pattern in file 
2022-03-10 23:23:16,380 INFO writing the pattern into main dictionary
2022-03-10 23:23:16,380 INFO initializing contructor
2022-03-10 23:23:16,989 INFO finding pattern in file 
2022-03-10 23:23:16,989 INFO writing the pattern into main dictionary
